2025-06-06 16:35:07.392418 - User: Anonymous - Path: /admin
2025-06-06 16:35:07.623283 - User: Anonymous - Path: /admin/
2025-06-06 16:35:07.678148 - User: Anonymous - Path: /admin/login/
2025-06-06 16:36:12.536999 - User: Anonymous - Path: /admin/login/
2025-06-06 16:36:29.251859 - User: Anonymous - Path: /admin/login/
2025-06-06 16:36:35.868845 - User: Anonymous - Path: /admin/login/
2025-06-06 16:53:18.644205 - User: Anonymous - Path: /admin/login/
2025-06-06 16:53:48.350532 - User: Anonymous - Path: /admin/login/
2025-06-06 16:53:49.856969 - User: okelejitimi93@gmail.com - Path: /admin/
2025-06-06 16:54:46.611653 - User: okelejitimi93@gmail.com - Path: /api/
2025-06-06 16:55:16.626700 - User: okelejitimi93@gmail.com - Path: /api-token/
2025-06-06 16:55:30.534746 - User: okelejitimi93@gmail.com - Path: /api-auth/
2025-06-06 16:56:42.550709 - User: okelejitimi93@gmail.com - Path: /api/token/
2025-06-06 17:33:32.527626 - User: okelejitimi93@gmail.com - Path: /admin
2025-06-06 17:52:53.354415 - User: okelejitimi93@gmail.com - Path: /
2025-06-06 17:52:54.516757 - User: okelejitimi93@gmail.com - Path: /
2025-06-06 17:52:57.562337 - User: okelejitimi93@gmail.com - Path: /
2025-06-07 08:04:40.692435 - User: okelejitimi93@gmail.com - Path: /
2025-06-07 08:04:59.222884 - User: okelejitimi93@gmail.com - Path: /admin/
2025-06-07 08:13:10.600156 - User: okelejitimi93@gmail.com - Path: /admin/
2025-06-07 08:13:31.562977 - User: okelejitimi93@gmail.com - Path: /admin/
2025-06-07 08:14:28.801519 - User: okelejitimi93@gmail.com - Path: /admin/
2025-06-07 08:40:36.741475 - User: okelejitimi93@gmail.com - Path: /admin/
2025-06-07 08:49:12.797650 - User: okelejitimi93@gmail.com - Path: /admin/
2025-06-07 08:49:29.076909 - User: okelejitimi93@gmail.com - Path: /api/
2025-06-07 08:49:49.265020 - User: okelejitimi93@gmail.com - Path: /api/conversations/
2025-06-07 10:24:52.158690 - User: Anonymous - Path: /
2025-06-07 10:25:19.920660 - User: Anonymous - Path: /api
2025-06-07 10:25:20.463136 - User: Anonymous - Path: /api/
2025-06-07 10:25:44.566764 - User: Anonymous - Path: /admin
2025-06-07 10:25:44.884639 - User: Anonymous - Path: /admin/
2025-06-07 10:25:44.897547 - User: Anonymous - Path: /admin/login/
2025-06-07 10:27:00.835690 - User: Anonymous - Path: /admin
2025-06-07 10:27:01.022044 - User: Anonymous - Path: /admin/
2025-06-07 10:27:01.027622 - User: Anonymous - Path: /admin/login/
2025-06-07 10:27:42.898205 - User: Anonymous - Path: /api
2025-06-07 10:27:43.188486 - User: Anonymous - Path: /api/
2025-06-07 10:28:10.683644 - User: Anonymous - Path: /api
2025-06-07 10:28:10.912760 - User: Anonymous - Path: /api/
2025-06-07 10:32:46.767596 - User: Anonymous - Path: /api/conversations
2025-06-07 10:32:46.840966 - User: Anonymous - Path: /api/conversations/
2025-06-07 10:33:17.717395 - User: Anonymous - Path: /
2025-06-07 10:33:37.115248 - User: Anonymous - Path: /api-auth
2025-06-07 10:33:51.143107 - User: Anonymous - Path: /admin
2025-06-07 10:33:51.334459 - User: Anonymous - Path: /admin/
2025-06-07 10:33:51.366559 - User: Anonymous - Path: /admin/login/
2025-06-07 10:34:33.276963 - User: okelejitimi93@gmail.com - Path: /api/
2025-06-07 10:34:35.438430 - User: okelejitimi93@gmail.com - Path: /admin/
2025-06-07 10:34:49.312576 - User: okelejitimi93@gmail.com - Path: /admin/auth/
2025-06-07 10:34:59.016596 - User: okelejitimi93@gmail.com - Path: /admin/auth/group/
2025-06-07 10:34:59.483782 - User: okelejitimi93@gmail.com - Path: /admin/jsi18n/
2025-06-07 10:35:09.697939 - User: okelejitimi93@gmail.com - Path: /admin/auth/group/add/
2025-06-07 10:35:10.565569 - User: okelejitimi93@gmail.com - Path: /admin/jsi18n/
2025-06-07 10:36:36.147080 - User: okelejitimi93@gmail.com - Path: /admin/auth/
2025-06-07 10:37:13.903722 - User: okelejitimi93@gmail.com - Path: /admin/auth/
2025-06-07 10:38:04.197149 - User: Anonymous - Path: /admin/auth
2025-06-07 10:38:04.201369 - User: Anonymous - Path: /admin/login/
2025-06-07 10:40:04.545677 - User: okelejitimi93@gmail.com - Path: /admin/auth/group/add/
2025-06-07 10:40:04.702427 - User: okelejitimi93@gmail.com - Path: /admin/jsi18n/
2025-06-07 10:40:42.755497 - User: okelejitimi93@gmail.com - Path: /admin/auth/group/add/
2025-06-07 10:40:43.742409 - User: okelejitimi93@gmail.com - Path: /admin/auth/group/1/change/
2025-06-07 10:40:45.315770 - User: okelejitimi93@gmail.com - Path: /admin/jsi18n/
2025-06-07 10:41:02.518495 - User: okelejitimi93@gmail.com - Path: /admin/auth/
2025-06-07 10:41:07.384637 - User: okelejitimi93@gmail.com - Path: /admin/auth/group/
2025-06-07 10:41:07.636259 - User: okelejitimi93@gmail.com - Path: /admin/jsi18n/
2025-06-07 10:41:26.387644 - User: Anonymous - Path: /admin/
2025-06-07 10:41:26.392406 - User: Anonymous - Path: /admin/login/
2025-06-07 10:41:32.641191 - User: Anonymous - Path: /api
2025-06-07 10:41:32.694879 - User: Anonymous - Path: /api/
2025-06-07 10:46:09.798370 - User: Anonymous - Path: /api/token
2025-06-07 10:46:10.426688 - User: Anonymous - Path: /api/token/
2025-06-07 10:46:50.062016 - User: Anonymous - Path: /api/token
2025-06-07 10:46:50.215641 - User: Anonymous - Path: /api/token/
2025-06-07 10:48:11.114653 - User: Anonymous - Path: /api/token
2025-06-07 10:48:11.474075 - User: Anonymous - Path: /api/token/
2025-06-07 10:48:28.331155 - User: Anonymous - Path: /api/token
2025-06-07 10:48:58.503006 - User: Anonymous - Path: /api/token
2025-06-07 10:52:38.630979 - User: Anonymous - Path: /api/token/
2025-06-07 10:53:20.060918 - User: Anonymous - Path: /api/token/
2025-06-07 10:53:49.917000 - User: Anonymous - Path: /api/token/
2025-06-07 11:28:24.829115 - User: Anonymous - Path: /api/token/
2025-06-07 11:41:59.165365 - User: Anonymous - Path: /api/token/
2025-06-07 11:42:36.963602 - User: Anonymous - Path: /api
2025-06-07 11:42:37.313305 - User: Anonymous - Path: /api/
2025-06-07 11:43:10.662306 - User: Anonymous - Path: /api
2025-06-07 11:43:10.871501 - User: Anonymous - Path: /api/
2025-06-07 11:44:04.656479 - User: Anonymous - Path: /api
2025-06-07 11:44:04.899874 - User: Anonymous - Path: /api/
2025-06-07 11:44:57.444606 - User: Anonymous - Path: /api
2025-06-07 11:44:57.601960 - User: Anonymous - Path: /api/
2025-06-07 11:46:42.368194 - User: Anonymous - Path: /api/token/
2025-06-07 11:48:12.934539 - User: Anonymous - Path: /api
2025-06-07 11:48:13.102799 - User: Anonymous - Path: /api/
2025-06-07 11:49:25.770070 - User: Anonymous - Path: /api/conversations
2025-06-07 11:49:25.914771 - User: Anonymous - Path: /api/conversations/
2025-06-07 11:49:34.955135 - User: Anonymous - Path: /api/token/
2025-06-07 11:50:06.628207 - User: Anonymous - Path: /api/conversations
2025-06-07 11:50:06.741763 - User: Anonymous - Path: /api/conversations/
2025-06-07 11:50:26.624890 - User: Anonymous - Path: /api/conversations
2025-06-07 11:50:26.737501 - User: Anonymous - Path: /api/conversations/
2025-06-07 11:51:35.619116 - User: Anonymous - Path: /api/conversations
2025-06-07 11:51:35.764604 - User: Anonymous - Path: /api/conversations/
2025-06-07 11:54:09.768400 - User: Anonymous - Path: /api/token/
2025-06-07 11:55:52.847012 - User: Anonymous - Path: /api/conversations
2025-06-07 11:55:52.994428 - User: Anonymous - Path: /api/conversations/
2025-06-07 11:55:57.453024 - User: Anonymous - Path: /api/conversations
2025-06-07 11:55:57.555618 - User: Anonymous - Path: /api/conversations/
2025-06-07 11:56:20.289008 - User: Anonymous - Path: /api/
2025-06-07 11:58:29.001824 - User: Anonymous - Path: /api/
2025-06-07 11:58:43.728478 - User: Anonymous - Path: /api/
2025-06-07 12:03:48.388011 - User: Anonymous - Path: /api/token/
2025-06-07 12:05:17.213732 - User: Anonymous - Path: /api/
2025-06-07 12:05:59.062552 - User: Anonymous - Path: /api/
2025-06-07 12:08:46.553652 - User: Anonymous - Path: /api/
2025-06-07 12:10:39.864344 - User: Anonymous - Path: /api/
2025-06-07 12:10:50.046038 - User: Anonymous - Path: /api/
2025-06-07 12:12:48.669921 - User: Anonymous - Path: /api/
2025-06-07 12:13:06.908595 - User: Anonymous - Path: /api/conversations
2025-06-07 12:13:07.350050 - User: Anonymous - Path: /api/conversations/
